<?xml version="1.0" encoding="UTF-8"?>
<!-- Generated by org.testng.reporters.JUnitXMLReporter -->
<testsuite ignored="0" hostname="LAPTOP-DOBLN3AU" failures="0" tests="3" name="Default test" time="13.838" errors="0" timestamp="2023-09-27T05:55:42 IST">
  <testcase classname="com.phase2.poi.scripts.Datadriventesting" name="createAccount" time="0.88"/>
  <testcase classname="com.phase2.poi.scripts.Datadriventesting" name="createAccount" time="0.976"/>
  <testcase classname="com.phase2.poi.scripts.Datadriventesting" name="createAccount" time="0.976"/>
</testsuite> <!-- Default test -->
