<?xml version="1.0" encoding="UTF-8"?>
<testng-results ignored="0" total="3" passed="3" failed="0" skipped="0">
  <reporter-output>
  </reporter-output>
  <suite started-at="2023-09-27T05:55:28 IST" name="Default suite" finished-at="2023-09-27T05:55:42 IST" duration-ms="13838">
    <groups>
    </groups>
    <test started-at="2023-09-27T05:55:28 IST" name="Default test" finished-at="2023-09-27T05:55:42 IST" duration-ms="13838">
      <class name="com.phase2.poi.scripts.Datadriventesting">
        <test-method is-config="true" signature="setup()[pri:0, instance:com.phase2.poi.scripts.Datadriventesting@644baf4a]" started-at="2023-09-27T05:55:28 IST" name="setup" finished-at="2023-09-27T05:55:37 IST" duration-ms="9457" status="PASS">
          <reporter-output>
          </reporter-output>
        </test-method> <!-- setup -->
        <test-method signature="createAccount(java.lang.String,java.lang.String,java.lang.String,java.lang.String)[pri:0, instance:com.phase2.poi.scripts.Datadriventesting@644baf4a]" started-at="2023-09-27T05:55:39 IST" name="createAccount" data-provider="testdata" finished-at="2023-09-27T05:55:40 IST" duration-ms="880" status="PASS">
          <params>
            <param index="0">
              <value>
                <![CDATA[X]]>
              </value>
            </param>
            <param index="1">
              <value>
                <![CDATA[r2]]>
              </value>
            </param>
            <param index="2">
              <value>
                <![CDATA[Password2]]>
              </value>
            </param>
            <param index="3">
              <value>
                <![CDATA[Password2]]>
              </value>
            </param>
          </params>
          <reporter-output>
          </reporter-output>
        </test-method> <!-- createAccount -->
        <test-method signature="createAccount(java.lang.String,java.lang.String,java.lang.String,java.lang.String)[pri:0, instance:com.phase2.poi.scripts.Datadriventesting@644baf4a]" started-at="2023-09-27T05:55:40 IST" name="createAccount" data-provider="testdata" finished-at="2023-09-27T05:55:41 IST" duration-ms="976" status="PASS">
          <params>
            <param index="0">
              <value>
                <![CDATA[Y]]>
              </value>
            </param>
            <param index="1">
              <value>
                <![CDATA[r3]]>
              </value>
            </param>
            <param index="2">
              <value>
                <![CDATA[Password3]]>
              </value>
            </param>
            <param index="3">
              <value>
                <![CDATA[Password3]]>
              </value>
            </param>
          </params>
          <reporter-output>
          </reporter-output>
        </test-method> <!-- createAccount -->
        <test-method signature="createAccount(java.lang.String,java.lang.String,java.lang.String,java.lang.String)[pri:0, instance:com.phase2.poi.scripts.Datadriventesting@644baf4a]" started-at="2023-09-27T05:55:41 IST" name="createAccount" data-provider="testdata" finished-at="2023-09-27T05:55:42 IST" duration-ms="976" status="PASS">
          <params>
            <param index="0">
              <value>
                <![CDATA[Z]]>
              </value>
            </param>
            <param index="1">
              <value>
                <![CDATA[r4]]>
              </value>
            </param>
            <param index="2">
              <value>
                <![CDATA[Password4]]>
              </value>
            </param>
            <param index="3">
              <value>
                <![CDATA[Password4]]>
              </value>
            </param>
          </params>
          <reporter-output>
          </reporter-output>
        </test-method> <!-- createAccount -->
      </class> <!-- com.phase2.poi.scripts.Datadriventesting -->
    </test> <!-- Default test -->
  </suite> <!-- Default suite -->
</testng-results>
